<?xml version="1.0" encoding="utf-8"?>
<UpgradeLog>
  <Settings>
    <Setting Name="LogFile" Value="RsfToMap.log" />
    <Setting Name="GenerateInterfacesForClasses" Value="FALSE" />
    <Setting Name="ProjectName" Value="RsfToMap" />
    <Setting Name="OutputName" Value="RsfToMap.csproj" />
    <Setting Name="OutputDir" Value="C:\Users\Jonathan\Desktop\githubprojects\rpgwo\RSF To Map_.Net\Upgraded\" />
    <Setting Name="ProjectPath" Value="C:\Users\Jonathan\Desktop\githubprojects\rpgwo\RSF To Map\RsfToMap.vbp" />
    <Setting Name="MigrateProjectTo" Value="WinExe" />
  </Settings>
  <File OldPath="C:\Users\Jonathan\Desktop\githubprojects\rpgwo\RSF To Map\frmMain.frm" NewPath="C:\Users\Jonathan\Desktop\githubprojects\rpgwo\RSF To Map_.Net\Upgraded\frmMain.cs" FileType="Form" Upgraded="True">
    <Section Name="(Layout)">
      <Issue Type="Design" Number="2081" ObjectName="_HiddenModule" ObjectType="Variant" PME="array" Qty="1">Array has a new behavior.</Issue>
      <Issue Type="Design" Number="2068" Qty="1">MSComDlg.CommonDialog object was not upgraded.</Issue>
    </Section>
    <Section Name="cmdSelect_Click">
      <Issue Type="Compile" Number="6012" Qty="1">CommonDialog variable was not upgraded</Issue>
      <Issue Type="Compile" Number="2064" ObjectName="CommonDialog1" ObjectType="MSComDlg.CommonDialog" PME="DialogTitle" Qty="1">MSComDlg.CommonDialog property CommonDialog1.DialogTitle was not upgraded.</Issue>
      <Issue Type="Runtime" Number="2081" ObjectName="CommonDialog1" ObjectType="MSComDlg.CommonDialog" PME="Filter" Qty="1">Filter has a new behavior.</Issue>
      <Issue Type="Compile" Number="2064" ObjectName="CommonDialog1" ObjectType="MSComDlg.CommonDialog" PME="Filter" Qty="1">MSComDlg.CommonDialog property CommonDialog1.Filter was not upgraded.</Issue>
      <Issue Type="Compile" Number="2064" ObjectName="CommonDialog1" ObjectType="MSComDlg.CommonDialog" PME="InitDir" Qty="1">MSComDlg.CommonDialog property CommonDialog1.InitDir was not upgraded.</Issue>
      <Issue Type="Compile" Number="2064" ObjectName="CommonDialog1" ObjectType="MSComDlg.CommonDialog" PME="Filename" Qty="2">MSComDlg.CommonDialog property CommonDialog1.Filename was not upgraded.</Issue>
    </Section>
    <Section Name="Form_Load">
      <Issue Type="Runtime" Number="2080" ObjectType="Form" PME="Load" Qty="1">Form_Load event was upgraded to Form_Load method and has a new behavior.</Issue>
    </Section>
    <Section Name="(Rules Applying)">
      <Issue Type="Compile" Number="2068" Qty="2">MSComDlg.CommonDialog object was not upgraded.</Issue>
    </Section>
  </File>
  <File OldPath="C:\Users\Jonathan\Desktop\githubprojects\rpgwo\RSF To Map\modRpgwoMapFormat.bas" NewPath="C:\Users\Jonathan\Desktop\githubprojects\rpgwo\RSF To Map_.Net\Upgraded\modRpgwoMapFormat.cs" FileType="Module" Upgraded="True">
    <Section Name="SaveRpgwoMap">
      <Issue Type="Runtime" Number="2080" Qty="18">Put was upgraded to FilePutObject and has a new behavior.</Issue>
    </Section>
  </File>
  <File OldPath="C:\Users\Jonathan\Desktop\githubprojects\rpgwo\RSF To Map\modGlobals.bas" NewPath="C:\Users\Jonathan\Desktop\githubprojects\rpgwo\RSF To Map_.Net\Upgraded\modGlobals.cs" FileType="Module" Upgraded="True" />
</UpgradeLog>

